Using pre-set license
Built from '2020.3/staging' branch; Version is '2020.3.0f1 (c7b5465681fb) revision 13088070'; Using compiler version '192528614'; Build Type 'Release'
OS: 'Windows 10 Pro; OS build 19041.867; Version 2004; 64bit' Language: 'en' Physical Memory: 16316 MB
BatchMode: 1, IsHumanControllingUs: 0, StartBugReporterOnCrash: 0, Is64bit: 1, IsPro: 0

 COMMAND LINE ARGUMENTS:
C:\Program Files\Unity\Hub\Editor\2020.3.0f1\Editor\Unity.exe
-adb2
-batchMode
-noUpm
-name
AssetImportWorker0
-projectPath
C:/Users/Spidey/Documents/GitHub/First Game
-logFile
Logs/AssetImportWorker0.log
-srvPort
52065
Successfully changed project path to: C:/Users/Spidey/Documents/GitHub/First Game
C:/Users/Spidey/Documents/GitHub/First Game
Using Asset Import Pipeline V2.
Refreshing native plugins compatible for Editor in 19.19 ms, found 0 plugins.
Preloading 0 native plugins for Editor in 0.00 ms.
Initialize engine version: 2020.3.0f1 (c7b5465681fb)
[Subsystems] Discovering subsystems at path C:/Program Files/Unity/Hub/Editor/2020.3.0f1/Editor/Data/Resources/UnitySubsystems
[Subsystems] Discovering subsystems at path C:/Users/Spidey/Documents/GitHub/First Game/Assets
GfxDevice: creating device client; threaded=0
Direct3D:
    Version:  Direct3D 11.0 [level 11.1]
    Renderer: NVIDIA GeForce RTX 2070 SUPER (ID=0x1e84)
    Vendor:   
    VRAM:     8011 MB
    Driver:   27.21.14.6172
Initialize mono
Mono path[0] = 'C:/Program Files/Unity/Hub/Editor/2020.3.0f1/Editor/Data/Managed'
Mono path[1] = 'C:/Program Files/Unity/Hub/Editor/2020.3.0f1/Editor/Data/MonoBleedingEdge/lib/mono/unityjit'
Mono config path = 'C:/Program Files/Unity/Hub/Editor/2020.3.0f1/Editor/Data/MonoBleedingEdge/etc'
Using monoOptions --debugger-agent=transport=dt_socket,embedding=1,server=y,suspend=n,address=127.0.0.1:56744
Begin MonoManager ReloadAssembly
Registering precompiled unity dll's ...
Register platform support module: C:/Program Files/Unity/Hub/Editor/2020.3.0f1/Editor/Data/PlaybackEngines/WebGLSupport/UnityEditor.WebGL.Extensions.dll
Register platform support module: C:/Program Files/Unity/Hub/Editor/2020.3.0f1/Editor/Data/PlaybackEngines/WindowsStandaloneSupport/UnityEditor.WindowsStandalone.Extensions.dll
Registered in 0.002418 seconds.
Native extension for WindowsStandalone target not found
Native extension for WebGL target not found
Refreshing native plugins compatible for Editor in 19.85 ms, found 0 plugins.
Preloading 0 native plugins for Editor in 0.00 ms.
Invoked RoslynAnalysisRunner static constructor.
RoslynAnalysisRunner will not be running.
RoslynAnalysisRunner has terminated.
Mono: successfully reloaded assembly
- Completed reload, in  1.056 seconds
Platform modules already initialized, skipping
Registering precompiled user dll's ...
Registered in 0.000687 seconds.
Begin MonoManager ReloadAssembly
Native extension for WindowsStandalone target not found
Native extension for WebGL target not found
Refreshing native plugins compatible for Editor in 0.18 ms, found 0 plugins.
Preloading 0 native plugins for Editor in 0.00 ms.
Invoked RoslynAnalysisRunner static constructor.
RoslynAnalysisRunner will not be running.
RoslynAnalysisRunner has terminated.
Mono: successfully reloaded assembly
- Completed reload, in  0.695 seconds
Platform modules already initialized, skipping
========================================================================
Worker process is ready to serve import requests
Launched and connected shader compiler UnityShaderCompiler.exe after 0.05 seconds
Refreshing native plugins compatible for Editor in 0.18 ms, found 0 plugins.
Preloading 0 native plugins for Editor in 0.00 ms.
Unloading 1117 Unused Serialized files (Serialized files now loaded: 0)
System memory in use before: 128.0 MB.
System memory in use after: 128.0 MB.

Unloading 10 unused Assets to reduce memory usage. Loaded Objects now: 1563.
Total: 1.333700 ms (FindLiveObjects: 0.139200 ms CreateObjectMapping: 0.040800 ms MarkObjects: 1.086000 ms  DeleteObjects: 0.066500 ms)

========================================================================
Received Import Request.
  path: Assets/Character
  artifactKey: Guid(b9bf99e0b610f4f47bbe00b66df2cb5b) Importer(815301076,1909f56bfc062723c751e8b465ee728b)
Start importing Assets/Character using Guid(b9bf99e0b610f4f47bbe00b66df2cb5b) Importer(815301076,1909f56bfc062723c751e8b465ee728b)  -> (artifact id: '32d7c660a87886eb7b65a034c6010f5f') in 0.009638 seconds
  Import took 0.013049 seconds .

========================================================================
Received Import Request.
  Time since last request: 32.506178 seconds.
  path: Assets/Characters
  artifactKey: Guid(b9bf99e0b610f4f47bbe00b66df2cb5b) Importer(815301076,1909f56bfc062723c751e8b465ee728b)
Start importing Assets/Characters using Guid(b9bf99e0b610f4f47bbe00b66df2cb5b) Importer(815301076,1909f56bfc062723c751e8b465ee728b)  -> (artifact id: '6c23d88a978507fae57d1dda7e9bdc68') in 0.004252 seconds
  Import took 0.006287 seconds .

========================================================================
Received Import Request.
  Time since last request: 86.908320 seconds.
  path: Assets/Characters/Ch24_nonPBR.fbx
  artifactKey: Guid(a2e684354dba402468b799a9c0055347) Importer(815301076,1909f56bfc062723c751e8b465ee728b)
Start importing Assets/Characters/Ch24_nonPBR.fbx using Guid(a2e684354dba402468b799a9c0055347) Importer(815301076,1909f56bfc062723c751e8b465ee728b)  -> (artifact id: '8936afbde756dfe589f69a89a118a69a') in 0.345617 seconds
  Import took 0.348052 seconds .

========================================================================
Received Import Request.
  Time since last request: 56.278035 seconds.
  path: Assets/Characters/Ch24_nonPBR.fbx
  artifactKey: Guid(a2e684354dba402468b799a9c0055347) Importer(815301076,1909f56bfc062723c751e8b465ee728b)
Start importing Assets/Characters/Ch24_nonPBR.fbx using Guid(a2e684354dba402468b799a9c0055347) Importer(815301076,1909f56bfc062723c751e8b465ee728b)  -> (artifact id: 'c1ef40805384d28fe54cb27002c01568') in 0.033791 seconds
  Import took 0.036142 seconds .

========================================================================
Received Prepare
Registering precompiled user dll's ...
Registered in 0.000592 seconds.
Begin MonoManager ReloadAssembly
Native extension for WindowsStandalone target not found
Native extension for WebGL target not found
Refreshing native plugins compatible for Editor in 0.19 ms, found 0 plugins.
Preloading 0 native plugins for Editor in 0.00 ms.
Invoked RoslynAnalysisRunner static constructor.
RoslynAnalysisRunner will not be running.
RoslynAnalysisRunner has terminated.
Mono: successfully reloaded assembly
- Completed reload, in  0.642 seconds
Platform modules already initialized, skipping
Refreshing native plugins compatible for Editor in 0.18 ms, found 0 plugins.
Preloading 0 native plugins for Editor in 0.00 ms.
Unloading 1112 Unused Serialized files (Serialized files now loaded: 0)
System memory in use before: 145.5 MB.
System memory in use after: 145.5 MB.

Unloading 5 unused Assets to reduce memory usage. Loaded Objects now: 1610.
Total: 1.567200 ms (FindLiveObjects: 0.134900 ms CreateObjectMapping: 0.035400 ms MarkObjects: 1.351800 ms  DeleteObjects: 0.043900 ms)

========================================================================
Received Prepare
Registering precompiled user dll's ...
Registered in 0.000611 seconds.
Begin MonoManager ReloadAssembly
Native extension for WindowsStandalone target not found
Native extension for WebGL target not found
Refreshing native plugins compatible for Editor in 0.20 ms, found 0 plugins.
Preloading 0 native plugins for Editor in 0.00 ms.
Invoked RoslynAnalysisRunner static constructor.
RoslynAnalysisRunner will not be running.
RoslynAnalysisRunner has terminated.
Mono: successfully reloaded assembly
- Completed reload, in  0.633 seconds
Platform modules already initialized, skipping
Refreshing native plugins compatible for Editor in 0.18 ms, found 0 plugins.
Preloading 0 native plugins for Editor in 0.00 ms.
Unloading 1112 Unused Serialized files (Serialized files now loaded: 0)
System memory in use before: 145.5 MB.
System memory in use after: 145.6 MB.

Unloading 5 unused Assets to reduce memory usage. Loaded Objects now: 1613.
Total: 1.484600 ms (FindLiveObjects: 0.142200 ms CreateObjectMapping: 0.057100 ms MarkObjects: 1.238100 ms  DeleteObjects: 0.046100 ms)

========================================================================
Received Prepare
Registering precompiled user dll's ...
Registered in 0.000665 seconds.
Begin MonoManager ReloadAssembly
Native extension for WindowsStandalone target not found
Native extension for WebGL target not found
Refreshing native plugins compatible for Editor in 0.18 ms, found 0 plugins.
Preloading 0 native plugins for Editor in 0.00 ms.
Invoked RoslynAnalysisRunner static constructor.
RoslynAnalysisRunner will not be running.
RoslynAnalysisRunner has terminated.
Mono: successfully reloaded assembly
- Completed reload, in  0.629 seconds
Platform modules already initialized, skipping
Refreshing native plugins compatible for Editor in 0.18 ms, found 0 plugins.
Preloading 0 native plugins for Editor in 0.00 ms.
Unloading 1112 Unused Serialized files (Serialized files now loaded: 0)
System memory in use before: 145.5 MB.
System memory in use after: 145.6 MB.

Unloading 5 unused Assets to reduce memory usage. Loaded Objects now: 1616.
Total: 1.399000 ms (FindLiveObjects: 0.129300 ms CreateObjectMapping: 0.032400 ms MarkObjects: 1.192400 ms  DeleteObjects: 0.043700 ms)

========================================================================
Received Prepare
Registering precompiled user dll's ...
Registered in 0.000627 seconds.
Begin MonoManager ReloadAssembly
Native extension for WindowsStandalone target not found
Native extension for WebGL target not found
Refreshing native plugins compatible for Editor in 0.18 ms, found 0 plugins.
Preloading 0 native plugins for Editor in 0.00 ms.
Invoked RoslynAnalysisRunner static constructor.
RoslynAnalysisRunner will not be running.
RoslynAnalysisRunner has terminated.
Mono: successfully reloaded assembly
- Completed reload, in  0.640 seconds
Platform modules already initialized, skipping
Refreshing native plugins compatible for Editor in 0.22 ms, found 0 plugins.
Preloading 0 native plugins for Editor in 0.00 ms.
Unloading 1112 Unused Serialized files (Serialized files now loaded: 0)
System memory in use before: 145.5 MB.
System memory in use after: 145.6 MB.

Unloading 5 unused Assets to reduce memory usage. Loaded Objects now: 1619.
Total: 1.486400 ms (FindLiveObjects: 0.153600 ms CreateObjectMapping: 0.048600 ms MarkObjects: 1.241000 ms  DeleteObjects: 0.042400 ms)

========================================================================
Received Prepare
Registering precompiled user dll's ...
Registered in 0.000616 seconds.
Begin MonoManager ReloadAssembly
Native extension for WindowsStandalone target not found
Native extension for WebGL target not found
Refreshing native plugins compatible for Editor in 0.18 ms, found 0 plugins.
Preloading 0 native plugins for Editor in 0.00 ms.
Invoked RoslynAnalysisRunner static constructor.
RoslynAnalysisRunner will not be running.
RoslynAnalysisRunner has terminated.
Mono: successfully reloaded assembly
- Completed reload, in  0.655 seconds
Platform modules already initialized, skipping
Refreshing native plugins compatible for Editor in 0.18 ms, found 0 plugins.
Preloading 0 native plugins for Editor in 0.00 ms.
Unloading 1112 Unused Serialized files (Serialized files now loaded: 0)
System memory in use before: 145.5 MB.
System memory in use after: 145.6 MB.

Unloading 5 unused Assets to reduce memory usage. Loaded Objects now: 1622.
Total: 1.495900 ms (FindLiveObjects: 0.120600 ms CreateObjectMapping: 0.031600 ms MarkObjects: 1.295400 ms  DeleteObjects: 0.047400 ms)

========================================================================
Received Prepare
Registering precompiled user dll's ...
Registered in 0.000598 seconds.
Begin MonoManager ReloadAssembly
Native extension for WindowsStandalone target not found
Native extension for WebGL target not found
Refreshing native plugins compatible for Editor in 0.18 ms, found 0 plugins.
Preloading 0 native plugins for Editor in 0.00 ms.
Invoked RoslynAnalysisRunner static constructor.
RoslynAnalysisRunner will not be running.
RoslynAnalysisRunner has terminated.
Mono: successfully reloaded assembly
- Completed reload, in  0.638 seconds
Platform modules already initialized, skipping
Refreshing native plugins compatible for Editor in 0.18 ms, found 0 plugins.
Preloading 0 native plugins for Editor in 0.00 ms.
Unloading 1112 Unused Serialized files (Serialized files now loaded: 0)
System memory in use before: 145.5 MB.
System memory in use after: 145.6 MB.

Unloading 5 unused Assets to reduce memory usage. Loaded Objects now: 1625.
Total: 1.462800 ms (FindLiveObjects: 0.126600 ms CreateObjectMapping: 0.036900 ms MarkObjects: 1.211500 ms  DeleteObjects: 0.087100 ms)

========================================================================
Received Prepare
Registering precompiled user dll's ...
Registered in 0.000586 seconds.
Begin MonoManager ReloadAssembly
Native extension for WindowsStandalone target not found
Native extension for WebGL target not found
Refreshing native plugins compatible for Editor in 0.20 ms, found 0 plugins.
Preloading 0 native plugins for Editor in 0.00 ms.
Invoked RoslynAnalysisRunner static constructor.
RoslynAnalysisRunner will not be running.
RoslynAnalysisRunner has terminated.
Mono: successfully reloaded assembly
- Completed reload, in  0.638 seconds
Platform modules already initialized, skipping
Refreshing native plugins compatible for Editor in 0.18 ms, found 0 plugins.
Preloading 0 native plugins for Editor in 0.00 ms.
Unloading 1112 Unused Serialized files (Serialized files now loaded: 0)
System memory in use before: 145.5 MB.
System memory in use after: 145.6 MB.

Unloading 5 unused Assets to reduce memory usage. Loaded Objects now: 1628.
Total: 3.679600 ms (FindLiveObjects: 0.285600 ms CreateObjectMapping: 0.091600 ms MarkObjects: 3.191000 ms  DeleteObjects: 0.109000 ms)

========================================================================
Received Prepare
Registering precompiled user dll's ...
Registered in 0.000790 seconds.
Begin MonoManager ReloadAssembly
Native extension for WindowsStandalone target not found
Native extension for WebGL target not found
Refreshing native plugins compatible for Editor in 0.19 ms, found 0 plugins.
Preloading 0 native plugins for Editor in 0.00 ms.
Invoked RoslynAnalysisRunner static constructor.
RoslynAnalysisRunner will not be running.
RoslynAnalysisRunner has terminated.
Mono: successfully reloaded assembly
- Completed reload, in  0.644 seconds
Platform modules already initialized, skipping
Refreshing native plugins compatible for Editor in 0.18 ms, found 0 plugins.
Preloading 0 native plugins for Editor in 0.00 ms.
Unloading 1112 Unused Serialized files (Serialized files now loaded: 0)
System memory in use before: 145.5 MB.
System memory in use after: 145.6 MB.

Unloading 5 unused Assets to reduce memory usage. Loaded Objects now: 1631.
Total: 1.335000 ms (FindLiveObjects: 0.119100 ms CreateObjectMapping: 0.030300 ms MarkObjects: 1.139000 ms  DeleteObjects: 0.045900 ms)

========================================================================
Received Import Request.
  Time since last request: 585.655601 seconds.
  path: Assets/Characters/Ninga.fbx
  artifactKey: Guid(a2e684354dba402468b799a9c0055347) Importer(815301076,1909f56bfc062723c751e8b465ee728b)
Start importing Assets/Characters/Ninga.fbx using Guid(a2e684354dba402468b799a9c0055347) Importer(815301076,1909f56bfc062723c751e8b465ee728b)  -> (artifact id: '1bae888822680dd1adbd025173144034') in 0.099601 seconds
  Import took 0.101559 seconds .

========================================================================
Received Import Request.
  Time since last request: 3.753158 seconds.
  path: Assets/Characters/Ninja.fbx
  artifactKey: Guid(a2e684354dba402468b799a9c0055347) Importer(815301076,1909f56bfc062723c751e8b465ee728b)
Start importing Assets/Characters/Ninja.fbx using Guid(a2e684354dba402468b799a9c0055347) Importer(815301076,1909f56bfc062723c751e8b465ee728b)  -> (artifact id: '2a00a01c36f38a1a5b6469e109f9f7b2') in 0.041257 seconds
  Import took 0.043196 seconds .

========================================================================
Received Import Request.
  Time since last request: 20.190309 seconds.
  path: Assets/Characters/Ch24_nonPBR.prefab
  artifactKey: Guid(f586e363ed9c4774cb9a441d8ea11898) Importer(815301076,1909f56bfc062723c751e8b465ee728b)
Start importing Assets/Characters/Ch24_nonPBR.prefab using Guid(f586e363ed9c4774cb9a441d8ea11898) Importer(815301076,1909f56bfc062723c751e8b465ee728b)  -> (artifact id: '918839d1a4fe23e33d03378456d93c01') in 0.030305 seconds
  Import took 0.032351 seconds .

========================================================================
Received Import Request.
  Time since last request: 0.010345 seconds.
  path: Assets/Characters/Ch24_nonPBR.prefab
  artifactKey: Guid(f586e363ed9c4774cb9a441d8ea11898) Importer(815301076,1909f56bfc062723c751e8b465ee728b)
Start importing Assets/Characters/Ch24_nonPBR.prefab using Guid(f586e363ed9c4774cb9a441d8ea11898) Importer(815301076,1909f56bfc062723c751e8b465ee728b)  -> (artifact id: '918839d1a4fe23e33d03378456d93c01') in 0.020393 seconds
  Import took 0.022554 seconds .

========================================================================
Received Import Request.
  Time since last request: 16.346878 seconds.
  path: Assets/Characters/Nnja.prefab
  artifactKey: Guid(f586e363ed9c4774cb9a441d8ea11898) Importer(815301076,1909f56bfc062723c751e8b465ee728b)
Start importing Assets/Characters/Nnja.prefab using Guid(f586e363ed9c4774cb9a441d8ea11898) Importer(815301076,1909f56bfc062723c751e8b465ee728b)  -> (artifact id: '0672cb9f85b77e9f389e662e69dc450a') in 0.007858 seconds
  Import took 0.010377 seconds .

========================================================================
Received Import Request.
  Time since last request: 73.588944 seconds.
  path: Assets/Characters/Ch24_nonPBR.fbx
  artifactKey: Guid(a422cd29cd6294b4ba9117cca26195c1) Importer(815301076,1909f56bfc062723c751e8b465ee728b)
Start importing Assets/Characters/Ch24_nonPBR.fbx using Guid(a422cd29cd6294b4ba9117cca26195c1) Importer(815301076,1909f56bfc062723c751e8b465ee728b)  -> (artifact id: '47a0561505f888e919feea8448fbafc4') in 0.027624 seconds
  Import took 0.029514 seconds .

========================================================================
Received Import Request.
  Time since last request: 15.015295 seconds.
  path: Assets/Characters/Ch24_nonPBR.fbx
  artifactKey: Guid(a422cd29cd6294b4ba9117cca26195c1) Importer(815301076,1909f56bfc062723c751e8b465ee728b)
Start importing Assets/Characters/Ch24_nonPBR.fbx using Guid(a422cd29cd6294b4ba9117cca26195c1) Importer(815301076,1909f56bfc062723c751e8b465ee728b)  -> (artifact id: '700e32f6487e75469b499564933fb09f') in 0.048705 seconds
  Import took 0.050724 seconds .

========================================================================
Received Import Request.
  Time since last request: 3.528865 seconds.
  path: Assets/Characters/Textures
  artifactKey: Guid(be6d9d8091eeec84d94eeb62ad23632d) Importer(815301076,1909f56bfc062723c751e8b465ee728b)
Start importing Assets/Characters/Textures using Guid(be6d9d8091eeec84d94eeb62ad23632d) Importer(815301076,1909f56bfc062723c751e8b465ee728b)  -> (artifact id: 'cf6aef5dbf4937fe8bbaa53a2f3d9220') in 0.003697 seconds
  Import took 0.006116 seconds .

========================================================================
Received Import Request.
  Time since last request: 0.061773 seconds.
  path: Assets/Characters/Textures/Ch24_1001_Diffuse 1.png
  artifactKey: Guid(7321e587afe7eb348b4f7fe0ab1cfd2a) Importer(815301076,1909f56bfc062723c751e8b465ee728b)
Start importing Assets/Characters/Textures/Ch24_1001_Diffuse 1.png using Guid(7321e587afe7eb348b4f7fe0ab1cfd2a) Importer(815301076,1909f56bfc062723c751e8b465ee728b)  -> (artifact id: 'c24c8fd9426cbbdb47f2ecf80ca4b459') in 0.016693 seconds
  Import took 0.018488 seconds .

========================================================================
Received Import Request.
  Time since last request: 0.000226 seconds.
  path: Assets/Characters/Textures/Ch24_1001_Normal 1.png
  artifactKey: Guid(a9794d33c0dfde347abc8fb1422add0f) Importer(815301076,1909f56bfc062723c751e8b465ee728b)
Start importing Assets/Characters/Textures/Ch24_1001_Normal 1.png using Guid(a9794d33c0dfde347abc8fb1422add0f) Importer(815301076,1909f56bfc062723c751e8b465ee728b)  -> (artifact id: 'c1f31d9d48799d9776cd0bc465870150') in 0.016872 seconds
  Import took 0.018531 seconds .

========================================================================
Received Import Request.
  Time since last request: 0.000205 seconds.
  path: Assets/Characters/Textures/Ch24_1001_Glossiness.png
  artifactKey: Guid(5acb9f678306a4847898a858d7d1d621) Importer(815301076,1909f56bfc062723c751e8b465ee728b)
Start importing Assets/Characters/Textures/Ch24_1001_Glossiness.png using Guid(5acb9f678306a4847898a858d7d1d621) Importer(815301076,1909f56bfc062723c751e8b465ee728b)  -> (artifact id: 'd6a6d7a194fef8c9ff340aadc647ff2a') in 0.018680 seconds
  Import took 0.020472 seconds .

========================================================================
Received Import Request.
  Time since last request: 0.000176 seconds.
  path: Assets/Characters/Textures/Ch24_1001_Glossiness 1.png
  artifactKey: Guid(5ec77820b7b8d764bb2be2ed26d082be) Importer(815301076,1909f56bfc062723c751e8b465ee728b)
Start importing Assets/Characters/Textures/Ch24_1001_Glossiness 1.png using Guid(5ec77820b7b8d764bb2be2ed26d082be) Importer(815301076,1909f56bfc062723c751e8b465ee728b)  -> (artifact id: '6b36fefdb6d0314ef5d3ce9643b58db0') in 0.011936 seconds
  Import took 0.014010 seconds .

========================================================================
Received Import Request.
  Time since last request: 0.000164 seconds.
  path: Assets/Characters/Textures/Ch24_1001_Specular 1.png
  artifactKey: Guid(7ebefc17c7ddcbe4da97d71f365d96ad) Importer(815301076,1909f56bfc062723c751e8b465ee728b)
Start importing Assets/Characters/Textures/Ch24_1001_Specular 1.png using Guid(7ebefc17c7ddcbe4da97d71f365d96ad) Importer(815301076,1909f56bfc062723c751e8b465ee728b)  -> (artifact id: '2ae06bdd3b1a0995e3c70878b398531a') in 0.016313 seconds
  Import took 0.018102 seconds .

========================================================================
Received Import Request.
  Time since last request: 0.000208 seconds.
  path: Assets/Characters/Textures/Ch24_1001_Normal.png
  artifactKey: Guid(216b9f9628f12744ab36d362967e3c7f) Importer(815301076,1909f56bfc062723c751e8b465ee728b)
Start importing Assets/Characters/Textures/Ch24_1001_Normal.png using Guid(216b9f9628f12744ab36d362967e3c7f) Importer(815301076,1909f56bfc062723c751e8b465ee728b)  -> (artifact id: 'f64d3dada1f5c82a0a0fe0f2405d0f35') in 0.011867 seconds
  Import took 0.013596 seconds .

========================================================================
Received Import Request.
  Time since last request: 0.000202 seconds.
  path: Assets/Characters/Textures/Ch24_1001_Specular.png
  artifactKey: Guid(6a0996c9e2e25ae4cb2917bc6a0eefc9) Importer(815301076,1909f56bfc062723c751e8b465ee728b)
Start importing Assets/Characters/Textures/Ch24_1001_Specular.png using Guid(6a0996c9e2e25ae4cb2917bc6a0eefc9) Importer(815301076,1909f56bfc062723c751e8b465ee728b)  -> (artifact id: '54ed1fede44e5a494a28afc0f3447f79') in 0.009827 seconds
  Import took 0.011606 seconds .

========================================================================
Received Import Request.
  Time since last request: 0.000213 seconds.
  path: Assets/Characters/Textures/Ch24_1001_Diffuse.png
  artifactKey: Guid(4315d61e885927e47bbecce0cdb0888d) Importer(815301076,1909f56bfc062723c751e8b465ee728b)
Start importing Assets/Characters/Textures/Ch24_1001_Diffuse.png using Guid(4315d61e885927e47bbecce0cdb0888d) Importer(815301076,1909f56bfc062723c751e8b465ee728b)  -> (artifact id: 'f2c087a3fc634097888ac19bf52b9393') in 0.012903 seconds
  Import took 0.015402 seconds .

========================================================================
Received Prepare
Registering precompiled user dll's ...
Registered in 0.000859 seconds.
Begin MonoManager ReloadAssembly
Native extension for WindowsStandalone target not found
Native extension for WebGL target not found
Refreshing native plugins compatible for Editor in 0.21 ms, found 0 plugins.
Preloading 0 native plugins for Editor in 0.00 ms.
Invoked RoslynAnalysisRunner static constructor.
RoslynAnalysisRunner will not be running.
RoslynAnalysisRunner has terminated.
Mono: successfully reloaded assembly
- Completed reload, in  0.658 seconds
Platform modules already initialized, skipping
Refreshing native plugins compatible for Editor in 0.18 ms, found 0 plugins.
Preloading 0 native plugins for Editor in 0.00 ms.
Unloading 1112 Unused Serialized files (Serialized files now loaded: 0)
System memory in use before: 145.7 MB.
System memory in use after: 145.7 MB.

Unloading 5 unused Assets to reduce memory usage. Loaded Objects now: 1638.
Total: 1.522700 ms (FindLiveObjects: 0.166700 ms CreateObjectMapping: 0.032700 ms MarkObjects: 1.278800 ms  DeleteObjects: 0.043800 ms)

========================================================================
Received Prepare
Registering precompiled user dll's ...
Registered in 0.000575 seconds.
Begin MonoManager ReloadAssembly
Native extension for WindowsStandalone target not found
Native extension for WebGL target not found
Refreshing native plugins compatible for Editor in 0.18 ms, found 0 plugins.
Preloading 0 native plugins for Editor in 0.00 ms.
Invoked RoslynAnalysisRunner static constructor.
RoslynAnalysisRunner will not be running.
RoslynAnalysisRunner has terminated.
Mono: successfully reloaded assembly
- Completed reload, in  0.618 seconds
Platform modules already initialized, skipping
Refreshing native plugins compatible for Editor in 0.18 ms, found 0 plugins.
Preloading 0 native plugins for Editor in 0.00 ms.
Unloading 1112 Unused Serialized files (Serialized files now loaded: 0)
System memory in use before: 145.7 MB.
System memory in use after: 145.7 MB.

Unloading 5 unused Assets to reduce memory usage. Loaded Objects now: 1641.
Total: 1.587800 ms (FindLiveObjects: 0.170500 ms CreateObjectMapping: 0.031600 ms MarkObjects: 1.300500 ms  DeleteObjects: 0.084000 ms)

========================================================================
Received Prepare
Registering precompiled user dll's ...
Registered in 0.000627 seconds.
Begin MonoManager ReloadAssembly
Native extension for WindowsStandalone target not found
Native extension for WebGL target not found
Refreshing native plugins compatible for Editor in 0.19 ms, found 0 plugins.
Preloading 0 native plugins for Editor in 0.00 ms.
Invoked RoslynAnalysisRunner static constructor.
RoslynAnalysisRunner will not be running.
RoslynAnalysisRunner has terminated.
Mono: successfully reloaded assembly
- Completed reload, in  0.640 seconds
Platform modules already initialized, skipping
Refreshing native plugins compatible for Editor in 0.18 ms, found 0 plugins.
Preloading 0 native plugins for Editor in 0.00 ms.
Unloading 1112 Unused Serialized files (Serialized files now loaded: 0)
System memory in use before: 145.7 MB.
System memory in use after: 145.8 MB.

Unloading 5 unused Assets to reduce memory usage. Loaded Objects now: 1644.
Total: 5.291800 ms (FindLiveObjects: 0.393400 ms CreateObjectMapping: 0.135300 ms MarkObjects: 4.635700 ms  DeleteObjects: 0.123100 ms)

========================================================================
Received Prepare
Registering precompiled user dll's ...
Registered in 0.000692 seconds.
Begin MonoManager ReloadAssembly
Native extension for WindowsStandalone target not found
Native extension for WebGL target not found
Refreshing native plugins compatible for Editor in 0.18 ms, found 0 plugins.
Preloading 0 native plugins for Editor in 0.00 ms.
Invoked RoslynAnalysisRunner static constructor.
RoslynAnalysisRunner will not be running.
RoslynAnalysisRunner has terminated.
Mono: successfully reloaded assembly
- Completed reload, in  0.645 seconds
Platform modules already initialized, skipping
Refreshing native plugins compatible for Editor in 0.19 ms, found 0 plugins.
Preloading 0 native plugins for Editor in 0.00 ms.
Unloading 1112 Unused Serialized files (Serialized files now loaded: 0)
System memory in use before: 145.7 MB.
System memory in use after: 145.8 MB.

Unloading 5 unused Assets to reduce memory usage. Loaded Objects now: 1647.
Total: 1.420200 ms (FindLiveObjects: 0.137600 ms CreateObjectMapping: 0.031400 ms MarkObjects: 1.194700 ms  DeleteObjects: 0.054200 ms)

========================================================================
Received Import Request.
  Time since last request: 1742.638234 seconds.
  path: Assets/Scripts/Player.cs
  artifactKey: Guid(61c7e6cac14582648b13fa2b1aac700d) Importer(815301076,1909f56bfc062723c751e8b465ee728b)
Start importing Assets/Scripts/Player.cs using Guid(61c7e6cac14582648b13fa2b1aac700d) Importer(815301076,1909f56bfc062723c751e8b465ee728b)  -> (artifact id: '8603cc5fa1909eb0deed53ed8983a90c') in 0.007686 seconds
  Import took 0.009494 seconds .

========================================================================
Received Import Request.
  Time since last request: 0.021394 seconds.
  path: Assets/Scripts/Player.cs
  artifactKey: Guid(61c7e6cac14582648b13fa2b1aac700d) Importer(815301076,1909f56bfc062723c751e8b465ee728b)
Start importing Assets/Scripts/Player.cs using Guid(61c7e6cac14582648b13fa2b1aac700d) Importer(815301076,1909f56bfc062723c751e8b465ee728b)  -> (artifact id: '8603cc5fa1909eb0deed53ed8983a90c') in 0.003192 seconds
  Import took 0.004882 seconds .

========================================================================
Received Prepare
Registering precompiled user dll's ...
Registered in 0.000641 seconds.
Begin MonoManager ReloadAssembly
Native extension for WindowsStandalone target not found
Native extension for WebGL target not found
Refreshing native plugins compatible for Editor in 0.24 ms, found 0 plugins.
Preloading 0 native plugins for Editor in 0.00 ms.
Invoked RoslynAnalysisRunner static constructor.
RoslynAnalysisRunner will not be running.
RoslynAnalysisRunner has terminated.
Mono: successfully reloaded assembly
- Completed reload, in  0.675 seconds
Platform modules already initialized, skipping
Refreshing native plugins compatible for Editor in 0.23 ms, found 0 plugins.
Preloading 0 native plugins for Editor in 0.00 ms.
Unloading 1112 Unused Serialized files (Serialized files now loaded: 0)
System memory in use before: 145.7 MB.
System memory in use after: 145.8 MB.

Unloading 5 unused Assets to reduce memory usage. Loaded Objects now: 1650.
Total: 1.516800 ms (FindLiveObjects: 0.122800 ms CreateObjectMapping: 0.033300 ms MarkObjects: 1.295000 ms  DeleteObjects: 0.064500 ms)

========================================================================
Received Prepare
Registering precompiled user dll's ...
Registered in 0.000617 seconds.
Begin MonoManager ReloadAssembly
Native extension for WindowsStandalone target not found
Native extension for WebGL target not found
Refreshing native plugins compatible for Editor in 0.20 ms, found 0 plugins.
Preloading 0 native plugins for Editor in 0.00 ms.
Invoked RoslynAnalysisRunner static constructor.
RoslynAnalysisRunner will not be running.
RoslynAnalysisRunner has terminated.
Mono: successfully reloaded assembly
- Completed reload, in  0.675 seconds
Platform modules already initialized, skipping
Refreshing native plugins compatible for Editor in 0.19 ms, found 0 plugins.
Preloading 0 native plugins for Editor in 0.00 ms.
Unloading 1112 Unused Serialized files (Serialized files now loaded: 0)
System memory in use before: 145.7 MB.
System memory in use after: 145.8 MB.

Unloading 5 unused Assets to reduce memory usage. Loaded Objects now: 1653.
Total: 1.739700 ms (FindLiveObjects: 0.161600 ms CreateObjectMapping: 0.043200 ms MarkObjects: 1.484600 ms  DeleteObjects: 0.049300 ms)

========================================================================
Received Prepare
Registering precompiled user dll's ...
Registered in 0.000602 seconds.
Begin MonoManager ReloadAssembly
Native extension for WindowsStandalone target not found
Native extension for WebGL target not found
Refreshing native plugins compatible for Editor in 0.18 ms, found 0 plugins.
Preloading 0 native plugins for Editor in 0.00 ms.
Invoked RoslynAnalysisRunner static constructor.
RoslynAnalysisRunner will not be running.
RoslynAnalysisRunner has terminated.
Mono: successfully reloaded assembly
- Completed reload, in  0.629 seconds
Platform modules already initialized, skipping
Refreshing native plugins compatible for Editor in 0.20 ms, found 0 plugins.
Preloading 0 native plugins for Editor in 0.00 ms.
Unloading 1112 Unused Serialized files (Serialized files now loaded: 0)
System memory in use before: 145.7 MB.
System memory in use after: 145.8 MB.

Unloading 5 unused Assets to reduce memory usage. Loaded Objects now: 1656.
Total: 1.478200 ms (FindLiveObjects: 0.143600 ms CreateObjectMapping: 0.035800 ms MarkObjects: 1.252100 ms  DeleteObjects: 0.046100 ms)

========================================================================
Received Prepare
Registering precompiled user dll's ...
Registered in 0.001111 seconds.
Begin MonoManager ReloadAssembly
Native extension for WindowsStandalone target not found
Native extension for WebGL target not found
Refreshing native plugins compatible for Editor in 0.20 ms, found 0 plugins.
Preloading 0 native plugins for Editor in 0.00 ms.
Invoked RoslynAnalysisRunner static constructor.
RoslynAnalysisRunner will not be running.
RoslynAnalysisRunner has terminated.
Mono: successfully reloaded assembly
- Completed reload, in  0.706 seconds
Platform modules already initialized, skipping
Refreshing native plugins compatible for Editor in 0.44 ms, found 0 plugins.
Preloading 0 native plugins for Editor in 0.00 ms.
Unloading 1112 Unused Serialized files (Serialized files now loaded: 0)
System memory in use before: 145.7 MB.
System memory in use after: 145.8 MB.

Unloading 5 unused Assets to reduce memory usage. Loaded Objects now: 1659.
Total: 2.275800 ms (FindLiveObjects: 0.296600 ms CreateObjectMapping: 0.058600 ms MarkObjects: 1.851400 ms  DeleteObjects: 0.047500 ms)

========================================================================
Received Prepare
Registering precompiled user dll's ...
Registered in 0.000587 seconds.
Begin MonoManager ReloadAssembly
Native extension for WindowsStandalone target not found
Native extension for WebGL target not found
Refreshing native plugins compatible for Editor in 0.21 ms, found 0 plugins.
Preloading 0 native plugins for Editor in 0.00 ms.
Invoked RoslynAnalysisRunner static constructor.
RoslynAnalysisRunner will not be running.
RoslynAnalysisRunner has terminated.
Mono: successfully reloaded assembly
- Completed reload, in  0.640 seconds
Platform modules already initialized, skipping
Refreshing native plugins compatible for Editor in 0.18 ms, found 0 plugins.
Preloading 0 native plugins for Editor in 0.00 ms.
Unloading 1112 Unused Serialized files (Serialized files now loaded: 0)
System memory in use before: 145.7 MB.
System memory in use after: 145.8 MB.

Unloading 5 unused Assets to reduce memory usage. Loaded Objects now: 1662.
Total: 5.634100 ms (FindLiveObjects: 0.410100 ms CreateObjectMapping: 0.139700 ms MarkObjects: 4.924600 ms  DeleteObjects: 0.155700 ms)

========================================================================
Received Prepare
Registering precompiled user dll's ...
Registered in 0.000877 seconds.
Begin MonoManager ReloadAssembly
Native extension for WindowsStandalone target not found
Native extension for WebGL target not found
Refreshing native plugins compatible for Editor in 0.21 ms, found 0 plugins.
Preloading 0 native plugins for Editor in 0.00 ms.
Invoked RoslynAnalysisRunner static constructor.
RoslynAnalysisRunner will not be running.
RoslynAnalysisRunner has terminated.
Mono: successfully reloaded assembly
- Completed reload, in  0.634 seconds
Platform modules already initialized, skipping
Refreshing native plugins compatible for Editor in 0.18 ms, found 0 plugins.
Preloading 0 native plugins for Editor in 0.00 ms.
Unloading 1112 Unused Serialized files (Serialized files now loaded: 0)
System memory in use before: 145.7 MB.
System memory in use after: 145.8 MB.

Unloading 5 unused Assets to reduce memory usage. Loaded Objects now: 1665.
Total: 1.475900 ms (FindLiveObjects: 0.130300 ms CreateObjectMapping: 0.030200 ms MarkObjects: 1.268400 ms  DeleteObjects: 0.045800 ms)

========================================================================
Received Prepare
Registering precompiled user dll's ...
Registered in 0.000620 seconds.
Begin MonoManager ReloadAssembly
Native extension for WindowsStandalone target not found
Native extension for WebGL target not found
Refreshing native plugins compatible for Editor in 0.18 ms, found 0 plugins.
Preloading 0 native plugins for Editor in 0.00 ms.
Invoked RoslynAnalysisRunner static constructor.
RoslynAnalysisRunner will not be running.
RoslynAnalysisRunner has terminated.
Mono: successfully reloaded assembly
- Completed reload, in  0.632 seconds
Platform modules already initialized, skipping
Refreshing native plugins compatible for Editor in 0.20 ms, found 0 plugins.
Preloading 0 native plugins for Editor in 0.00 ms.
Unloading 1112 Unused Serialized files (Serialized files now loaded: 0)
System memory in use before: 145.7 MB.
System memory in use after: 145.8 MB.

Unloading 5 unused Assets to reduce memory usage. Loaded Objects now: 1668.
Total: 1.510300 ms (FindLiveObjects: 0.138200 ms CreateObjectMapping: 0.037300 ms MarkObjects: 1.284000 ms  DeleteObjects: 0.049700 ms)

========================================================================
Received Prepare
Registering precompiled user dll's ...
Registered in 0.000617 seconds.
Begin MonoManager ReloadAssembly
Native extension for WindowsStandalone target not found
Native extension for WebGL target not found
Refreshing native plugins compatible for Editor in 0.18 ms, found 0 plugins.
Preloading 0 native plugins for Editor in 0.00 ms.
Invoked RoslynAnalysisRunner static constructor.
RoslynAnalysisRunner will not be running.
RoslynAnalysisRunner has terminated.
Mono: successfully reloaded assembly
- Completed reload, in  0.661 seconds
Platform modules already initialized, skipping
Refreshing native plugins compatible for Editor in 0.18 ms, found 0 plugins.
Preloading 0 native plugins for Editor in 0.00 ms.
Unloading 1112 Unused Serialized files (Serialized files now loaded: 0)
System memory in use before: 145.8 MB.
System memory in use after: 145.8 MB.

Unloading 5 unused Assets to reduce memory usage. Loaded Objects now: 1671.
Total: 5.175000 ms (FindLiveObjects: 0.392100 ms CreateObjectMapping: 0.141400 ms MarkObjects: 4.588100 ms  DeleteObjects: 0.050700 ms)

========================================================================
Received Prepare
Registering precompiled user dll's ...
Registered in 0.000993 seconds.
Begin MonoManager ReloadAssembly
Native extension for WindowsStandalone target not found
Native extension for WebGL target not found
Refreshing native plugins compatible for Editor in 0.18 ms, found 0 plugins.
Preloading 0 native plugins for Editor in 0.00 ms.
Invoked RoslynAnalysisRunner static constructor.
RoslynAnalysisRunner will not be running.
RoslynAnalysisRunner has terminated.
Mono: successfully reloaded assembly
- Completed reload, in  0.730 seconds
Platform modules already initialized, skipping
Refreshing native plugins compatible for Editor in 0.20 ms, found 0 plugins.
Preloading 0 native plugins for Editor in 0.00 ms.
Unloading 1112 Unused Serialized files (Serialized files now loaded: 0)
System memory in use before: 145.8 MB.
System memory in use after: 145.8 MB.

Unloading 5 unused Assets to reduce memory usage. Loaded Objects now: 1674.
Total: 1.848200 ms (FindLiveObjects: 0.134900 ms CreateObjectMapping: 0.034800 ms MarkObjects: 1.630600 ms  DeleteObjects: 0.046700 ms)

========================================================================
Received Prepare
Registering precompiled user dll's ...
Registered in 0.000646 seconds.
Begin MonoManager ReloadAssembly
Native extension for WindowsStandalone target not found
Native extension for WebGL target not found
Refreshing native plugins compatible for Editor in 0.19 ms, found 0 plugins.
Preloading 0 native plugins for Editor in 0.00 ms.
Invoked RoslynAnalysisRunner static constructor.
RoslynAnalysisRunner will not be running.
RoslynAnalysisRunner has terminated.
Mono: successfully reloaded assembly
- Completed reload, in  0.710 seconds
Platform modules already initialized, skipping
Refreshing native plugins compatible for Editor in 0.21 ms, found 0 plugins.
Preloading 0 native plugins for Editor in 0.00 ms.
Unloading 1112 Unused Serialized files (Serialized files now loaded: 0)
System memory in use before: 145.8 MB.
System memory in use after: 145.8 MB.

Unloading 5 unused Assets to reduce memory usage. Loaded Objects now: 1677.
Total: 1.530700 ms (FindLiveObjects: 0.147800 ms CreateObjectMapping: 0.074300 ms MarkObjects: 1.258800 ms  DeleteObjects: 0.048700 ms)

========================================================================
Received Prepare
Registering precompiled user dll's ...
Registered in 0.000638 seconds.
Begin MonoManager ReloadAssembly
Native extension for WindowsStandalone target not found
Native extension for WebGL target not found
Refreshing native plugins compatible for Editor in 0.19 ms, found 0 plugins.
Preloading 0 native plugins for Editor in 0.00 ms.
Invoked RoslynAnalysisRunner static constructor.
RoslynAnalysisRunner will not be running.
RoslynAnalysisRunner has terminated.
Mono: successfully reloaded assembly
- Completed reload, in  0.676 seconds
Platform modules already initialized, skipping
Refreshing native plugins compatible for Editor in 0.18 ms, found 0 plugins.
Preloading 0 native plugins for Editor in 0.00 ms.
Unloading 1112 Unused Serialized files (Serialized files now loaded: 0)
System memory in use before: 145.8 MB.
System memory in use after: 145.8 MB.

Unloading 5 unused Assets to reduce memory usage. Loaded Objects now: 1680.
Total: 1.634200 ms (FindLiveObjects: 0.196400 ms CreateObjectMapping: 0.039900 ms MarkObjects: 1.323300 ms  DeleteObjects: 0.073300 ms)

========================================================================
Received Prepare
Registering precompiled user dll's ...
Registered in 0.000642 seconds.
Begin MonoManager ReloadAssembly
Native extension for WindowsStandalone target not found
Native extension for WebGL target not found
Refreshing native plugins compatible for Editor in 0.19 ms, found 0 plugins.
Preloading 0 native plugins for Editor in 0.00 ms.
Invoked RoslynAnalysisRunner static constructor.
RoslynAnalysisRunner will not be running.
RoslynAnalysisRunner has terminated.
Mono: successfully reloaded assembly
- Completed reload, in  0.633 seconds
Platform modules already initialized, skipping
Refreshing native plugins compatible for Editor in 0.21 ms, found 0 plugins.
Preloading 0 native plugins for Editor in 0.00 ms.
Unloading 1112 Unused Serialized files (Serialized files now loaded: 0)
System memory in use before: 145.8 MB.
System memory in use after: 145.9 MB.

Unloading 5 unused Assets to reduce memory usage. Loaded Objects now: 1683.
Total: 1.572800 ms (FindLiveObjects: 0.180100 ms CreateObjectMapping: 0.045100 ms MarkObjects: 1.299500 ms  DeleteObjects: 0.047100 ms)

========================================================================
Received Prepare
Registering precompiled user dll's ...
Registered in 0.000726 seconds.
Begin MonoManager ReloadAssembly
Native extension for WindowsStandalone target not found
Native extension for WebGL target not found
Refreshing native plugins compatible for Editor in 0.18 ms, found 0 plugins.
Preloading 0 native plugins for Editor in 0.00 ms.
Invoked RoslynAnalysisRunner static constructor.
RoslynAnalysisRunner will not be running.
RoslynAnalysisRunner has terminated.
Mono: successfully reloaded assembly
- Completed reload, in  0.634 seconds
Platform modules already initialized, skipping
Refreshing native plugins compatible for Editor in 0.18 ms, found 0 plugins.
Preloading 0 native plugins for Editor in 0.00 ms.
Unloading 1112 Unused Serialized files (Serialized files now loaded: 0)
System memory in use before: 145.8 MB.
System memory in use after: 145.9 MB.

Unloading 5 unused Assets to reduce memory usage. Loaded Objects now: 1686.
Total: 1.313900 ms (FindLiveObjects: 0.118900 ms CreateObjectMapping: 0.029400 ms MarkObjects: 1.119500 ms  DeleteObjects: 0.045000 ms)

========================================================================
Received Prepare
Registering precompiled user dll's ...
Registered in 0.000790 seconds.
Begin MonoManager ReloadAssembly
Native extension for WindowsStandalone target not found
Native extension for WebGL target not found
Refreshing native plugins compatible for Editor in 0.18 ms, found 0 plugins.
Preloading 0 native plugins for Editor in 0.00 ms.
Invoked RoslynAnalysisRunner static constructor.
RoslynAnalysisRunner will not be running.
RoslynAnalysisRunner has terminated.
Mono: successfully reloaded assembly
- Completed reload, in  0.601 seconds
Platform modules already initialized, skipping
Refreshing native plugins compatible for Editor in 0.18 ms, found 0 plugins.
Preloading 0 native plugins for Editor in 0.00 ms.
Unloading 1112 Unused Serialized files (Serialized files now loaded: 0)
System memory in use before: 145.8 MB.
System memory in use after: 145.9 MB.

Unloading 5 unused Assets to reduce memory usage. Loaded Objects now: 1689.
Total: 1.701900 ms (FindLiveObjects: 0.161300 ms CreateObjectMapping: 0.050200 ms MarkObjects: 1.375300 ms  DeleteObjects: 0.114100 ms)

========================================================================
Received Prepare
Registering precompiled user dll's ...
Registered in 0.000644 seconds.
Begin MonoManager ReloadAssembly
Native extension for WindowsStandalone target not found
Native extension for WebGL target not found
Refreshing native plugins compatible for Editor in 0.18 ms, found 0 plugins.
Preloading 0 native plugins for Editor in 0.00 ms.
Invoked RoslynAnalysisRunner static constructor.
RoslynAnalysisRunner will not be running.
RoslynAnalysisRunner has terminated.
Mono: successfully reloaded assembly
- Completed reload, in  0.682 seconds
Platform modules already initialized, skipping
Refreshing native plugins compatible for Editor in 0.18 ms, found 0 plugins.
Preloading 0 native plugins for Editor in 0.00 ms.
Unloading 1112 Unused Serialized files (Serialized files now loaded: 0)
System memory in use before: 145.8 MB.
System memory in use after: 145.9 MB.

Unloading 5 unused Assets to reduce memory usage. Loaded Objects now: 1692.
Total: 1.403000 ms (FindLiveObjects: 0.124200 ms CreateObjectMapping: 0.030600 ms MarkObjects: 1.203500 ms  DeleteObjects: 0.043900 ms)

========================================================================
Received Prepare
Registering precompiled user dll's ...
Registered in 0.000592 seconds.
Begin MonoManager ReloadAssembly
Native extension for WindowsStandalone target not found
Native extension for WebGL target not found
Refreshing native plugins compatible for Editor in 0.18 ms, found 0 plugins.
Preloading 0 native plugins for Editor in 0.00 ms.
Invoked RoslynAnalysisRunner static constructor.
RoslynAnalysisRunner will not be running.
RoslynAnalysisRunner has terminated.
Mono: successfully reloaded assembly
- Completed reload, in  0.611 seconds
Platform modules already initialized, skipping
Refreshing native plugins compatible for Editor in 0.18 ms, found 0 plugins.
Preloading 0 native plugins for Editor in 0.00 ms.
Unloading 1112 Unused Serialized files (Serialized files now loaded: 0)
System memory in use before: 145.8 MB.
System memory in use after: 145.9 MB.

Unloading 5 unused Assets to reduce memory usage. Loaded Objects now: 1695.
Total: 1.477900 ms (FindLiveObjects: 0.166600 ms CreateObjectMapping: 0.035900 ms MarkObjects: 1.231200 ms  DeleteObjects: 0.043400 ms)

========================================================================
Received Prepare
Registering precompiled user dll's ...
Registered in 0.000599 seconds.
Begin MonoManager ReloadAssembly
Native extension for WindowsStandalone target not found
Native extension for WebGL target not found
Refreshing native plugins compatible for Editor in 0.19 ms, found 0 plugins.
Preloading 0 native plugins for Editor in 0.00 ms.
Invoked RoslynAnalysisRunner static constructor.
RoslynAnalysisRunner will not be running.
RoslynAnalysisRunner has terminated.
Mono: successfully reloaded assembly
- Completed reload, in  0.642 seconds
Platform modules already initialized, skipping
Refreshing native plugins compatible for Editor in 0.19 ms, found 0 plugins.
Preloading 0 native plugins for Editor in 0.00 ms.
Unloading 1112 Unused Serialized files (Serialized files now loaded: 0)
System memory in use before: 145.8 MB.
System memory in use after: 145.9 MB.

Unloading 5 unused Assets to reduce memory usage. Loaded Objects now: 1698.
Total: 1.493200 ms (FindLiveObjects: 0.122000 ms CreateObjectMapping: 0.030900 ms MarkObjects: 1.295200 ms  DeleteObjects: 0.043900 ms)

========================================================================
Received Prepare
Registering precompiled user dll's ...
Registered in 0.000637 seconds.
Begin MonoManager ReloadAssembly
Native extension for WindowsStandalone target not found
Native extension for WebGL target not found
Refreshing native plugins compatible for Editor in 0.19 ms, found 0 plugins.
Preloading 0 native plugins for Editor in 0.00 ms.
Invoked RoslynAnalysisRunner static constructor.
RoslynAnalysisRunner will not be running.
RoslynAnalysisRunner has terminated.
Mono: successfully reloaded assembly
- Completed reload, in  0.683 seconds
Platform modules already initialized, skipping
Refreshing native plugins compatible for Editor in 0.19 ms, found 0 plugins.
Preloading 0 native plugins for Editor in 0.00 ms.
Unloading 1112 Unused Serialized files (Serialized files now loaded: 0)
System memory in use before: 145.8 MB.
System memory in use after: 145.9 MB.

Unloading 5 unused Assets to reduce memory usage. Loaded Objects now: 1701.
Total: 1.806300 ms (FindLiveObjects: 0.174600 ms CreateObjectMapping: 0.042700 ms MarkObjects: 1.537500 ms  DeleteObjects: 0.048800 ms)

========================================================================
Received Prepare
Registering precompiled user dll's ...
Registered in 0.000859 seconds.
Begin MonoManager ReloadAssembly
Native extension for WindowsStandalone target not found
Native extension for WebGL target not found
Refreshing native plugins compatible for Editor in 0.21 ms, found 0 plugins.
Preloading 0 native plugins for Editor in 0.00 ms.
Invoked RoslynAnalysisRunner static constructor.
RoslynAnalysisRunner will not be running.
RoslynAnalysisRunner has terminated.
Mono: successfully reloaded assembly
- Completed reload, in  0.632 seconds
Platform modules already initialized, skipping
Refreshing native plugins compatible for Editor in 0.18 ms, found 0 plugins.
Preloading 0 native plugins for Editor in 0.00 ms.
Unloading 1112 Unused Serialized files (Serialized files now loaded: 0)
System memory in use before: 145.8 MB.
System memory in use after: 145.9 MB.

Unloading 5 unused Assets to reduce memory usage. Loaded Objects now: 1704.
Total: 5.439200 ms (FindLiveObjects: 0.410100 ms CreateObjectMapping: 0.135300 ms MarkObjects: 4.728000 ms  DeleteObjects: 0.161600 ms)

========================================================================
Received Prepare
Registering precompiled user dll's ...
Registered in 0.000625 seconds.
Begin MonoManager ReloadAssembly
Native extension for WindowsStandalone target not found
Native extension for WebGL target not found
Refreshing native plugins compatible for Editor in 0.19 ms, found 0 plugins.
Preloading 0 native plugins for Editor in 0.00 ms.
Invoked RoslynAnalysisRunner static constructor.
RoslynAnalysisRunner will not be running.
RoslynAnalysisRunner has terminated.
Mono: successfully reloaded assembly
- Completed reload, in  0.634 seconds
Platform modules already initialized, skipping
Refreshing native plugins compatible for Editor in 0.18 ms, found 0 plugins.
Preloading 0 native plugins for Editor in 0.00 ms.
Unloading 1112 Unused Serialized files (Serialized files now loaded: 0)
System memory in use before: 145.8 MB.
System memory in use after: 145.9 MB.

Unloading 5 unused Assets to reduce memory usage. Loaded Objects now: 1707.
Total: 1.708600 ms (FindLiveObjects: 0.149100 ms CreateObjectMapping: 0.037600 ms MarkObjects: 1.469500 ms  DeleteObjects: 0.051000 ms)

========================================================================
Received Prepare
Registering precompiled user dll's ...
Registered in 0.000767 seconds.
Begin MonoManager ReloadAssembly
Native extension for WindowsStandalone target not found
Native extension for WebGL target not found
Refreshing native plugins compatible for Editor in 0.20 ms, found 0 plugins.
Preloading 0 native plugins for Editor in 0.00 ms.
Invoked RoslynAnalysisRunner static constructor.
RoslynAnalysisRunner will not be running.
RoslynAnalysisRunner has terminated.
Mono: successfully reloaded assembly
- Completed reload, in  0.771 seconds
Platform modules already initialized, skipping
Refreshing native plugins compatible for Editor in 0.19 ms, found 0 plugins.
Preloading 0 native plugins for Editor in 0.00 ms.
Unloading 1112 Unused Serialized files (Serialized files now loaded: 0)
System memory in use before: 145.8 MB.
System memory in use after: 145.9 MB.

Unloading 5 unused Assets to reduce memory usage. Loaded Objects now: 1710.
Total: 1.781500 ms (FindLiveObjects: 0.223200 ms CreateObjectMapping: 0.046500 ms MarkObjects: 1.462900 ms  DeleteObjects: 0.046500 ms)

========================================================================
Received Prepare
Registering precompiled user dll's ...
Registered in 0.000602 seconds.
Begin MonoManager ReloadAssembly
Native extension for WindowsStandalone target not found
Native extension for WebGL target not found
Refreshing native plugins compatible for Editor in 0.19 ms, found 0 plugins.
Preloading 0 native plugins for Editor in 0.00 ms.
Invoked RoslynAnalysisRunner static constructor.
RoslynAnalysisRunner will not be running.
RoslynAnalysisRunner has terminated.
Mono: successfully reloaded assembly
- Completed reload, in  0.617 seconds
Platform modules already initialized, skipping
Refreshing native plugins compatible for Editor in 0.19 ms, found 0 plugins.
Preloading 0 native plugins for Editor in 0.00 ms.
Unloading 1112 Unused Serialized files (Serialized files now loaded: 0)
System memory in use before: 145.8 MB.
System memory in use after: 145.9 MB.

Unloading 5 unused Assets to reduce memory usage. Loaded Objects now: 1713.
Total: 1.492700 ms (FindLiveObjects: 0.134200 ms CreateObjectMapping: 0.034200 ms MarkObjects: 1.279500 ms  DeleteObjects: 0.043500 ms)

========================================================================
Received Prepare
Registering precompiled user dll's ...
Registered in 0.000875 seconds.
Begin MonoManager ReloadAssembly
Native extension for WindowsStandalone target not found
Native extension for WebGL target not found
Refreshing native plugins compatible for Editor in 0.20 ms, found 0 plugins.
Preloading 0 native plugins for Editor in 0.00 ms.
Invoked RoslynAnalysisRunner static constructor.
RoslynAnalysisRunner will not be running.
RoslynAnalysisRunner has terminated.
Mono: successfully reloaded assembly
- Completed reload, in  0.632 seconds
Platform modules already initialized, skipping
Refreshing native plugins compatible for Editor in 0.18 ms, found 0 plugins.
Preloading 0 native plugins for Editor in 0.00 ms.
Unloading 1112 Unused Serialized files (Serialized files now loaded: 0)
System memory in use before: 145.8 MB.
System memory in use after: 145.9 MB.

Unloading 5 unused Assets to reduce memory usage. Loaded Objects now: 1716.
Total: 1.445100 ms (FindLiveObjects: 0.121100 ms CreateObjectMapping: 0.029000 ms MarkObjects: 1.252300 ms  DeleteObjects: 0.041700 ms)

========================================================================
Received Prepare
Registering precompiled user dll's ...
Registered in 0.001316 seconds.
Begin MonoManager ReloadAssembly
Native extension for WindowsStandalone target not found
Native extension for WebGL target not found
Refreshing native plugins compatible for Editor in 0.20 ms, found 0 plugins.
Preloading 0 native plugins for Editor in 0.00 ms.
Invoked RoslynAnalysisRunner static constructor.
RoslynAnalysisRunner will not be running.
RoslynAnalysisRunner has terminated.
Mono: successfully reloaded assembly
- Completed reload, in  0.647 seconds
Platform modules already initialized, skipping
Refreshing native plugins compatible for Editor in 0.18 ms, found 0 plugins.
Preloading 0 native plugins for Editor in 0.00 ms.
Unloading 1112 Unused Serialized files (Serialized files now loaded: 0)
System memory in use before: 145.8 MB.
System memory in use after: 145.9 MB.

Unloading 5 unused Assets to reduce memory usage. Loaded Objects now: 1719.
Total: 3.012000 ms (FindLiveObjects: 0.327000 ms CreateObjectMapping: 0.105900 ms MarkObjects: 2.492600 ms  DeleteObjects: 0.084300 ms)

========================================================================
Received Prepare
Registering precompiled user dll's ...
Registered in 0.000618 seconds.
Begin MonoManager ReloadAssembly
Native extension for WindowsStandalone target not found
Native extension for WebGL target not found
Refreshing native plugins compatible for Editor in 0.21 ms, found 0 plugins.
Preloading 0 native plugins for Editor in 0.00 ms.
Invoked RoslynAnalysisRunner static constructor.
RoslynAnalysisRunner will not be running.
RoslynAnalysisRunner has terminated.
Mono: successfully reloaded assembly
- Completed reload, in  0.637 seconds
Platform modules already initialized, skipping
Refreshing native plugins compatible for Editor in 0.19 ms, found 0 plugins.
Preloading 0 native plugins for Editor in 0.00 ms.
Unloading 1112 Unused Serialized files (Serialized files now loaded: 0)
System memory in use before: 145.8 MB.
System memory in use after: 145.9 MB.

Unloading 5 unused Assets to reduce memory usage. Loaded Objects now: 1722.
Total: 1.397900 ms (FindLiveObjects: 0.122900 ms CreateObjectMapping: 0.030000 ms MarkObjects: 1.197100 ms  DeleteObjects: 0.047100 ms)

========================================================================
Received Prepare
Registering precompiled user dll's ...
Registered in 0.000627 seconds.
Begin MonoManager ReloadAssembly
Native extension for WindowsStandalone target not found
Native extension for WebGL target not found
Refreshing native plugins compatible for Editor in 0.18 ms, found 0 plugins.
Preloading 0 native plugins for Editor in 0.00 ms.
Invoked RoslynAnalysisRunner static constructor.
RoslynAnalysisRunner will not be running.
RoslynAnalysisRunner has terminated.
Mono: successfully reloaded assembly
- Completed reload, in  0.632 seconds
Platform modules already initialized, skipping
Refreshing native plugins compatible for Editor in 0.19 ms, found 0 plugins.
Preloading 0 native plugins for Editor in 0.00 ms.
Unloading 1112 Unused Serialized files (Serialized files now loaded: 0)
System memory in use before: 145.8 MB.
System memory in use after: 145.9 MB.

Unloading 5 unused Assets to reduce memory usage. Loaded Objects now: 1725.
Total: 1.525300 ms (FindLiveObjects: 0.150100 ms CreateObjectMapping: 0.034500 ms MarkObjects: 1.293100 ms  DeleteObjects: 0.046400 ms)

========================================================================
Received Prepare
Registering precompiled user dll's ...
Registered in 0.000733 seconds.
Begin MonoManager ReloadAssembly
Native extension for WindowsStandalone target not found
Native extension for WebGL target not found
Refreshing native plugins compatible for Editor in 0.18 ms, found 0 plugins.
Preloading 0 native plugins for Editor in 0.00 ms.
Invoked RoslynAnalysisRunner static constructor.
RoslynAnalysisRunner will not be running.
RoslynAnalysisRunner has terminated.
Mono: successfully reloaded assembly
- Completed reload, in  0.643 seconds
Platform modules already initialized, skipping
Refreshing native plugins compatible for Editor in 0.18 ms, found 0 plugins.
Preloading 0 native plugins for Editor in 0.00 ms.
Unloading 1112 Unused Serialized files (Serialized files now loaded: 0)
System memory in use before: 145.9 MB.
System memory in use after: 145.9 MB.

Unloading 5 unused Assets to reduce memory usage. Loaded Objects now: 1728.
Total: 1.405400 ms (FindLiveObjects: 0.137900 ms CreateObjectMapping: 0.034100 ms MarkObjects: 1.185100 ms  DeleteObjects: 0.046300 ms)

========================================================================
Received Prepare
Registering precompiled user dll's ...
Registered in 0.000596 seconds.
Begin MonoManager ReloadAssembly
Native extension for WindowsStandalone target not found
Native extension for WebGL target not found
Refreshing native plugins compatible for Editor in 0.19 ms, found 0 plugins.
Preloading 0 native plugins for Editor in 0.00 ms.
Invoked RoslynAnalysisRunner static constructor.
RoslynAnalysisRunner will not be running.
RoslynAnalysisRunner has terminated.
Mono: successfully reloaded assembly
- Completed reload, in  0.614 seconds
Platform modules already initialized, skipping
Refreshing native plugins compatible for Editor in 0.17 ms, found 0 plugins.
Preloading 0 native plugins for Editor in 0.00 ms.
Unloading 1112 Unused Serialized files (Serialized files now loaded: 0)
System memory in use before: 145.9 MB.
System memory in use after: 145.9 MB.

Unloading 5 unused Assets to reduce memory usage. Loaded Objects now: 1731.
Total: 1.661500 ms (FindLiveObjects: 0.162000 ms CreateObjectMapping: 0.036500 ms MarkObjects: 1.418400 ms  DeleteObjects: 0.044000 ms)

========================================================================
Received Prepare
Registering precompiled user dll's ...
Registered in 0.000643 seconds.
Begin MonoManager ReloadAssembly
Native extension for WindowsStandalone target not found
Native extension for WebGL target not found
Refreshing native plugins compatible for Editor in 0.21 ms, found 0 plugins.
Preloading 0 native plugins for Editor in 0.00 ms.
Invoked RoslynAnalysisRunner static constructor.
RoslynAnalysisRunner will not be running.
RoslynAnalysisRunner has terminated.
Mono: successfully reloaded assembly
- Completed reload, in  0.637 seconds
Platform modules already initialized, skipping
Refreshing native plugins compatible for Editor in 0.31 ms, found 0 plugins.
Preloading 0 native plugins for Editor in 0.00 ms.
Unloading 1112 Unused Serialized files (Serialized files now loaded: 0)
System memory in use before: 145.9 MB.
System memory in use after: 145.9 MB.

Unloading 5 unused Assets to reduce memory usage. Loaded Objects now: 1734.
Total: 1.541800 ms (FindLiveObjects: 0.229100 ms CreateObjectMapping: 0.036000 ms MarkObjects: 1.227400 ms  DeleteObjects: 0.048000 ms)

========================================================================
Received Prepare
Registering precompiled user dll's ...
Registered in 0.000679 seconds.
Begin MonoManager ReloadAssembly
Native extension for WindowsStandalone target not found
Native extension for WebGL target not found
Refreshing native plugins compatible for Editor in 0.18 ms, found 0 plugins.
Preloading 0 native plugins for Editor in 0.00 ms.
Invoked RoslynAnalysisRunner static constructor.
RoslynAnalysisRunner will not be running.
RoslynAnalysisRunner has terminated.
Mono: successfully reloaded assembly
- Completed reload, in  0.647 seconds
Platform modules already initialized, skipping
Refreshing native plugins compatible for Editor in 0.18 ms, found 0 plugins.
Preloading 0 native plugins for Editor in 0.00 ms.
Unloading 1112 Unused Serialized files (Serialized files now loaded: 0)
System memory in use before: 145.9 MB.
System memory in use after: 145.9 MB.

Unloading 5 unused Assets to reduce memory usage. Loaded Objects now: 1737.
Total: 1.585000 ms (FindLiveObjects: 0.189200 ms CreateObjectMapping: 0.053800 ms MarkObjects: 1.294300 ms  DeleteObjects: 0.045800 ms)

========================================================================
Received Prepare
Registering precompiled user dll's ...
Registered in 0.000564 seconds.
Begin MonoManager ReloadAssembly
Native extension for WindowsStandalone target not found
Native extension for WebGL target not found
Refreshing native plugins compatible for Editor in 0.18 ms, found 0 plugins.
Preloading 0 native plugins for Editor in 0.00 ms.
Invoked RoslynAnalysisRunner static constructor.
RoslynAnalysisRunner will not be running.
RoslynAnalysisRunner has terminated.
Mono: successfully reloaded assembly
- Completed reload, in  0.623 seconds
Platform modules already initialized, skipping
Refreshing native plugins compatible for Editor in 0.18 ms, found 0 plugins.
Preloading 0 native plugins for Editor in 0.00 ms.
Unloading 1112 Unused Serialized files (Serialized files now loaded: 0)
System memory in use before: 145.9 MB.
System memory in use after: 146.0 MB.

Unloading 5 unused Assets to reduce memory usage. Loaded Objects now: 1740.
Total: 1.608200 ms (FindLiveObjects: 0.152200 ms CreateObjectMapping: 0.036500 ms MarkObjects: 1.371600 ms  DeleteObjects: 0.046900 ms)

========================================================================
Received Prepare
Registering precompiled user dll's ...
Registered in 0.000795 seconds.
Begin MonoManager ReloadAssembly
Native extension for WindowsStandalone target not found
Native extension for WebGL target not found
Refreshing native plugins compatible for Editor in 0.20 ms, found 0 plugins.
Preloading 0 native plugins for Editor in 0.00 ms.
Invoked RoslynAnalysisRunner static constructor.
RoslynAnalysisRunner will not be running.
RoslynAnalysisRunner has terminated.
Mono: successfully reloaded assembly
- Completed reload, in  0.652 seconds
Platform modules already initialized, skipping
Refreshing native plugins compatible for Editor in 0.23 ms, found 0 plugins.
Preloading 0 native plugins for Editor in 0.00 ms.
Unloading 1112 Unused Serialized files (Serialized files now loaded: 0)
System memory in use before: 145.9 MB.
System memory in use after: 146.0 MB.

Unloading 5 unused Assets to reduce memory usage. Loaded Objects now: 1743.
Total: 1.774300 ms (FindLiveObjects: 0.193600 ms CreateObjectMapping: 0.053400 ms MarkObjects: 1.475300 ms  DeleteObjects: 0.050400 ms)

========================================================================
Received Prepare
Registering precompiled user dll's ...
Registered in 0.000684 seconds.
Begin MonoManager ReloadAssembly
Native extension for WindowsStandalone target not found
Native extension for WebGL target not found
Refreshing native plugins compatible for Editor in 0.18 ms, found 0 plugins.
Preloading 0 native plugins for Editor in 0.00 ms.
Invoked RoslynAnalysisRunner static constructor.
RoslynAnalysisRunner will not be running.
RoslynAnalysisRunner has terminated.
Mono: successfully reloaded assembly
- Completed reload, in  0.676 seconds
Platform modules already initialized, skipping
Refreshing native plugins compatible for Editor in 0.19 ms, found 0 plugins.
Preloading 0 native plugins for Editor in 0.00 ms.
Unloading 1112 Unused Serialized files (Serialized files now loaded: 0)
System memory in use before: 145.9 MB.
System memory in use after: 146.0 MB.

Unloading 5 unused Assets to reduce memory usage. Loaded Objects now: 1746.
Total: 1.547800 ms (FindLiveObjects: 0.193600 ms CreateObjectMapping: 0.047100 ms MarkObjects: 1.256500 ms  DeleteObjects: 0.049100 ms)

========================================================================
Received Import Request.
  Time since last request: 2069.530142 seconds.
  path: Assets/Animations
  artifactKey: Guid(54b280423297bf64bb3e27f46ff65d29) Importer(815301076,1909f56bfc062723c751e8b465ee728b)
Start importing Assets/Animations using Guid(54b280423297bf64bb3e27f46ff65d29) Importer(815301076,1909f56bfc062723c751e8b465ee728b)  -> (artifact id: '600f742de6f2ece407f5528e241f04af') in 0.005900 seconds
  Import took 0.007917 seconds .

========================================================================
Received Import Request.
  Time since last request: 0.000618 seconds.
  path: Assets/Animations
  artifactKey: Guid(54b280423297bf64bb3e27f46ff65d29) Importer(815301076,1909f56bfc062723c751e8b465ee728b)
Start importing Assets/Animations using Guid(54b280423297bf64bb3e27f46ff65d29) Importer(815301076,1909f56bfc062723c751e8b465ee728b)  -> (artifact id: '600f742de6f2ece407f5528e241f04af') in 0.003546 seconds
  Import took 0.005514 seconds .

========================================================================
Received Import Request.
  Time since last request: 87.351875 seconds.
  path: Assets/Animations/sword and shield walk.fbx
  artifactKey: Guid(e518313fbd33c6d4f88c498bc3e8e465) Importer(815301076,1909f56bfc062723c751e8b465ee728b)
Start importing Assets/Animations/sword and shield walk.fbx using Guid(e518313fbd33c6d4f88c498bc3e8e465) Importer(815301076,1909f56bfc062723c751e8b465ee728b)  -> (artifact id: '2d9e350daf3b8aa1b6b3260940e4a3b5') in 0.028859 seconds
  Import took 0.032400 seconds .

========================================================================
Received Import Request.
  Time since last request: 68.996498 seconds.
  path: Assets/Characters/sword and shield run.fbx
  artifactKey: Guid(4a9e6991241917141a4d14059acf01e7) Importer(815301076,1909f56bfc062723c751e8b465ee728b)
Start importing Assets/Characters/sword and shield run.fbx using Guid(4a9e6991241917141a4d14059acf01e7) Importer(815301076,1909f56bfc062723c751e8b465ee728b)  -> (artifact id: 'c73e5436b81d9519da0540c2664623b9') in 0.007330 seconds
  Import took 0.009205 seconds .

========================================================================
Received Import Request.
  Time since last request: 7.795262 seconds.
  path: Assets/Characters/sword and shield idle.fbx
  artifactKey: Guid(ab6fc14055f06144ba129a61ee56d956) Importer(815301076,1909f56bfc062723c751e8b465ee728b)
Start importing Assets/Characters/sword and shield idle.fbx using Guid(ab6fc14055f06144ba129a61ee56d956) Importer(815301076,1909f56bfc062723c751e8b465ee728b)  -> (artifact id: 'ed7a9b79516580f6f490d148246d40ca') in 0.007083 seconds
  Import took 0.009034 seconds .

========================================================================
Received Import Request.
  Time since last request: 428.618931 seconds.
  path: Assets/Animations/mixamo.com.anim
  artifactKey: Guid(87d7a3da4f90083499579c07926ed33d) Importer(815301076,1909f56bfc062723c751e8b465ee728b)
Start importing Assets/Animations/mixamo.com.anim using Guid(87d7a3da4f90083499579c07926ed33d) Importer(815301076,1909f56bfc062723c751e8b465ee728b)  -> (artifact id: 'e0b64b95e5991fd0808da85c15416ab3') in 0.009988 seconds
  Import took 0.012339 seconds .

========================================================================
Received Import Request.
  Time since last request: 0.000517 seconds.
  path: Assets/Animations/mixamo.com.anim
  artifactKey: Guid(87d7a3da4f90083499579c07926ed33d) Importer(815301076,1909f56bfc062723c751e8b465ee728b)
Start importing Assets/Animations/mixamo.com.anim using Guid(87d7a3da4f90083499579c07926ed33d) Importer(815301076,1909f56bfc062723c751e8b465ee728b)  -> (artifact id: 'e0b64b95e5991fd0808da85c15416ab3') in 0.008542 seconds
  Import took 0.010471 seconds .

========================================================================
Received Import Request.
  Time since last request: 30.523045 seconds.
  path: Assets/Animations/walk.anim
  artifactKey: Guid(87d7a3da4f90083499579c07926ed33d) Importer(815301076,1909f56bfc062723c751e8b465ee728b)
Start importing Assets/Animations/walk.anim using Guid(87d7a3da4f90083499579c07926ed33d) Importer(815301076,1909f56bfc062723c751e8b465ee728b)  -> (artifact id: '32b42df50e1300e0dceeb5db6460e5b0') in 0.008441 seconds
  Import took 0.010365 seconds .

========================================================================
Received Import Request.
  Time since last request: 2.570104 seconds.
  path: Assets/Animations/mixamo.com.anim
  artifactKey: Guid(a8c7bbfea2977954cbeaeebeea12cebf) Importer(815301076,1909f56bfc062723c751e8b465ee728b)
Start importing Assets/Animations/mixamo.com.anim using Guid(a8c7bbfea2977954cbeaeebeea12cebf) Importer(815301076,1909f56bfc062723c751e8b465ee728b)  -> (artifact id: '2d463472b22b944755ffeaadc5ace923') in 0.007956 seconds
  Import took 0.009672 seconds .

========================================================================
Received Import Request.
  Time since last request: 2.772173 seconds.
  path: Assets/Animations/idle.anim
  artifactKey: Guid(a8c7bbfea2977954cbeaeebeea12cebf) Importer(815301076,1909f56bfc062723c751e8b465ee728b)
Start importing Assets/Animations/idle.anim using Guid(a8c7bbfea2977954cbeaeebeea12cebf) Importer(815301076,1909f56bfc062723c751e8b465ee728b)  -> (artifact id: '955164e07ab7c62d2c6d0e0f3414e9b4') in 0.008032 seconds
  Import took 0.010092 seconds .

========================================================================
Received Import Request.
  Time since last request: 0.002107 seconds.
  path: Assets/Animations/idle.anim
  artifactKey: Guid(a8c7bbfea2977954cbeaeebeea12cebf) Importer(815301076,1909f56bfc062723c751e8b465ee728b)
Start importing Assets/Animations/idle.anim using Guid(a8c7bbfea2977954cbeaeebeea12cebf) Importer(815301076,1909f56bfc062723c751e8b465ee728b)  -> (artifact id: '955164e07ab7c62d2c6d0e0f3414e9b4') in 0.007343 seconds
  Import took 0.009366 seconds .

========================================================================
Received Import Request.
  Time since last request: 31.117045 seconds.
  path: Assets/Animations/PlayerAnimator.controller
  artifactKey: Guid(869821df3f7010c42884a7509c947f65) Importer(815301076,1909f56bfc062723c751e8b465ee728b)
Start importing Assets/Animations/PlayerAnimator.controller using Guid(869821df3f7010c42884a7509c947f65) Importer(815301076,1909f56bfc062723c751e8b465ee728b)  -> (artifact id: '1aaf0e50e1c0c5a8a8888c507e21cf27') in 0.006715 seconds
  Import took 0.008522 seconds .

========================================================================
Received Import Request.
  Time since last request: 21.780180 seconds.
  path: Assets/Animations/walk.anim
  artifactKey: Guid(87d7a3da4f90083499579c07926ed33d) Importer(815301076,1909f56bfc062723c751e8b465ee728b)
Start importing Assets/Animations/walk.anim using Guid(87d7a3da4f90083499579c07926ed33d) Importer(815301076,1909f56bfc062723c751e8b465ee728b)  -> (artifact id: '1d81260c143f4d32cc032987682a52fe') in 0.008289 seconds
  Import took 0.010101 seconds .

========================================================================
Received Import Request.
  Time since last request: 0.377756 seconds.
  path: Assets/Animations/idle.anim
  artifactKey: Guid(a8c7bbfea2977954cbeaeebeea12cebf) Importer(815301076,1909f56bfc062723c751e8b465ee728b)
Start importing Assets/Animations/idle.anim using Guid(a8c7bbfea2977954cbeaeebeea12cebf) Importer(815301076,1909f56bfc062723c751e8b465ee728b)  -> (artifact id: '75bb5316c0d046f02683ccc66f25779c') in 0.007148 seconds
  Import took 0.009057 seconds .

========================================================================
Received Import Request.
  Time since last request: 0.000771 seconds.
  path: Assets/Animations/idle.anim
  artifactKey: Guid(a8c7bbfea2977954cbeaeebeea12cebf) Importer(815301076,1909f56bfc062723c751e8b465ee728b)
Start importing Assets/Animations/idle.anim using Guid(a8c7bbfea2977954cbeaeebeea12cebf) Importer(815301076,1909f56bfc062723c751e8b465ee728b)  -> (artifact id: '75bb5316c0d046f02683ccc66f25779c') in 0.007095 seconds
  Import took 0.008997 seconds .

========================================================================
Received Import Request.
  Time since last request: 1.539442 seconds.
  path: Assets/Animations/idle.anim
  artifactKey: Guid(a8c7bbfea2977954cbeaeebeea12cebf) Importer(815301076,1909f56bfc062723c751e8b465ee728b)
Start importing Assets/Animations/idle.anim using Guid(a8c7bbfea2977954cbeaeebeea12cebf) Importer(815301076,1909f56bfc062723c751e8b465ee728b)  -> (artifact id: '1b03ad8650d35ce9a917abf44196af11') in 0.008097 seconds
  Import took 0.010175 seconds .

========================================================================
Received Import Request.
  Time since last request: 0.006344 seconds.
  path: Assets/Animations/idle.anim
  artifactKey: Guid(a8c7bbfea2977954cbeaeebeea12cebf) Importer(815301076,1909f56bfc062723c751e8b465ee728b)
Start importing Assets/Animations/idle.anim using Guid(a8c7bbfea2977954cbeaeebeea12cebf) Importer(815301076,1909f56bfc062723c751e8b465ee728b)  -> (artifact id: '1b03ad8650d35ce9a917abf44196af11') in 0.007397 seconds
  Import took 0.009177 seconds .

========================================================================
Received Import Request.
  Time since last request: 38.936725 seconds.
  path: Assets/Animations/PlayerAnimator.controller
  artifactKey: Guid(869821df3f7010c42884a7509c947f65) Importer(815301076,1909f56bfc062723c751e8b465ee728b)
Start importing Assets/Animations/PlayerAnimator.controller using Guid(869821df3f7010c42884a7509c947f65) Importer(815301076,1909f56bfc062723c751e8b465ee728b)  -> (artifact id: '2afbdc3865f2e801263487be3530797a') in 0.005966 seconds
  Import took 0.008002 seconds .

========================================================================
Received Import Request.
  Time since last request: 10.410300 seconds.
  path: Assets/Animations/PlayerAnimator.controller
  artifactKey: Guid(869821df3f7010c42884a7509c947f65) Importer(815301076,1909f56bfc062723c751e8b465ee728b)
Start importing Assets/Animations/PlayerAnimator.controller using Guid(869821df3f7010c42884a7509c947f65) Importer(815301076,1909f56bfc062723c751e8b465ee728b)  -> (artifact id: '67effc72131ce6b9d84265c876bdf24e') in 0.010722 seconds
  Import took 0.012633 seconds .

========================================================================
Received Prepare
Registering precompiled user dll's ...
Registered in 0.000722 seconds.
Begin MonoManager ReloadAssembly
Native extension for WindowsStandalone target not found
Native extension for WebGL target not found
Refreshing native plugins compatible for Editor in 0.18 ms, found 0 plugins.
Preloading 0 native plugins for Editor in 0.00 ms.
Invoked RoslynAnalysisRunner static constructor.
RoslynAnalysisRunner will not be running.
RoslynAnalysisRunner has terminated.
Mono: successfully reloaded assembly
- Completed reload, in  0.669 seconds
Platform modules already initialized, skipping
Refreshing native plugins compatible for Editor in 0.19 ms, found 0 plugins.
Preloading 0 native plugins for Editor in 0.00 ms.
Unloading 1112 Unused Serialized files (Serialized files now loaded: 0)
System memory in use before: 145.9 MB.
System memory in use after: 146.0 MB.

Unloading 5 unused Assets to reduce memory usage. Loaded Objects now: 1749.
Total: 1.564900 ms (FindLiveObjects: 0.147100 ms CreateObjectMapping: 0.035700 ms MarkObjects: 1.328900 ms  DeleteObjects: 0.051900 ms)

========================================================================
Received Prepare
Registering precompiled user dll's ...
Registered in 0.000763 seconds.
Begin MonoManager ReloadAssembly
Native extension for WindowsStandalone target not found
Native extension for WebGL target not found
Refreshing native plugins compatible for Editor in 0.19 ms, found 0 plugins.
Preloading 0 native plugins for Editor in 0.00 ms.
Invoked RoslynAnalysisRunner static constructor.
RoslynAnalysisRunner will not be running.
RoslynAnalysisRunner has terminated.
Mono: successfully reloaded assembly
- Completed reload, in  0.644 seconds
Platform modules already initialized, skipping
Refreshing native plugins compatible for Editor in 0.18 ms, found 0 plugins.
Preloading 0 native plugins for Editor in 0.00 ms.
Unloading 1112 Unused Serialized files (Serialized files now loaded: 0)
System memory in use before: 146.0 MB.
System memory in use after: 146.1 MB.

Unloading 5 unused Assets to reduce memory usage. Loaded Objects now: 1752.
Total: 1.483400 ms (FindLiveObjects: 0.141900 ms CreateObjectMapping: 0.035400 ms MarkObjects: 1.260100 ms  DeleteObjects: 0.045300 ms)

========================================================================
Received Import Request.
  Time since last request: 338.001223 seconds.
  path: Assets/Animations/Ch24_nonPBR@Idle.fbx
  artifactKey: Guid(c426411463d37e646acc5935e50186de) Importer(815301076,1909f56bfc062723c751e8b465ee728b)
Start importing Assets/Animations/Ch24_nonPBR@Idle.fbx using Guid(c426411463d37e646acc5935e50186de) Importer(815301076,1909f56bfc062723c751e8b465ee728b)  -> (artifact id: '88c7997b91a353be202a5b83f61fedd5') in 0.125835 seconds
  Import took 0.127851 seconds .

========================================================================
Received Import Request.
  Time since last request: 5.765897 seconds.
  path: Assets/Animations/Idle 1.anim
  artifactKey: Guid(ae87f263123f34e48a02d0cb612cf6c1) Importer(815301076,1909f56bfc062723c751e8b465ee728b)
Start importing Assets/Animations/Idle 1.anim using Guid(ae87f263123f34e48a02d0cb612cf6c1) Importer(815301076,1909f56bfc062723c751e8b465ee728b)  -> (artifact id: '32d0724d2617c57fefdd34362534811f') in 0.007477 seconds
  Import took 0.009185 seconds .

========================================================================
Received Import Request.
  Time since last request: 17.458015 seconds.
  path: Assets/Animations/Ch24_nonPBR@Walking.fbx
  artifactKey: Guid(7e80b894190f9c84681eccf29161a29a) Importer(815301076,1909f56bfc062723c751e8b465ee728b)
Start importing Assets/Animations/Ch24_nonPBR@Walking.fbx using Guid(7e80b894190f9c84681eccf29161a29a) Importer(815301076,1909f56bfc062723c751e8b465ee728b)  -> (artifact id: '6abbd996adfaa1e87c9b6fd835f203f1') in 0.046720 seconds
  Import took 0.048730 seconds .

========================================================================
Received Import Request.
  Time since last request: 4.453351 seconds.
  path: Assets/Animations/Walking.anim
  artifactKey: Guid(b260bf1f47425b64bab1f9cd5cc685f2) Importer(815301076,1909f56bfc062723c751e8b465ee728b)
Start importing Assets/Animations/Walking.anim using Guid(b260bf1f47425b64bab1f9cd5cc685f2) Importer(815301076,1909f56bfc062723c751e8b465ee728b)  -> (artifact id: 'a7f3cb7e04c4a718d42e401361454d90') in 0.009808 seconds
  Import took 0.011635 seconds .

========================================================================
Received Prepare
Registering precompiled user dll's ...
Registered in 0.000680 seconds.
Begin MonoManager ReloadAssembly
Native extension for WindowsStandalone target not found
Native extension for WebGL target not found
Refreshing native plugins compatible for Editor in 0.19 ms, found 0 plugins.
Preloading 0 native plugins for Editor in 0.00 ms.
Invoked RoslynAnalysisRunner static constructor.
RoslynAnalysisRunner will not be running.
RoslynAnalysisRunner has terminated.
Mono: successfully reloaded assembly
- Completed reload, in  0.635 seconds
Platform modules already initialized, skipping
Refreshing native plugins compatible for Editor in 0.19 ms, found 0 plugins.
Preloading 0 native plugins for Editor in 0.00 ms.
Unloading 1112 Unused Serialized files (Serialized files now loaded: 0)
System memory in use before: 146.1 MB.
System memory in use after: 146.2 MB.

Unloading 5 unused Assets to reduce memory usage. Loaded Objects now: 1756.
Total: 1.368500 ms (FindLiveObjects: 0.131300 ms CreateObjectMapping: 0.032800 ms MarkObjects: 1.158200 ms  DeleteObjects: 0.045300 ms)

========================================================================
Received Import Request.
  Time since last request: 18.963267 seconds.
  path: Assets/Animations/Idle 1.anim
  artifactKey: Guid(ae87f263123f34e48a02d0cb612cf6c1) Importer(815301076,1909f56bfc062723c751e8b465ee728b)
Start importing Assets/Animations/Idle 1.anim using Guid(ae87f263123f34e48a02d0cb612cf6c1) Importer(815301076,1909f56bfc062723c751e8b465ee728b)  -> (artifact id: '70493570a6ec4b4bb48822a0af5101fc') in 0.012334 seconds
  Import took 0.014068 seconds .

========================================================================
Received Import Request.
  Time since last request: 1.366044 seconds.
  path: Assets/Animations/Idle 1.anim
  artifactKey: Guid(ae87f263123f34e48a02d0cb612cf6c1) Importer(815301076,1909f56bfc062723c751e8b465ee728b)
Start importing Assets/Animations/Idle 1.anim using Guid(ae87f263123f34e48a02d0cb612cf6c1) Importer(815301076,1909f56bfc062723c751e8b465ee728b)  -> (artifact id: '70493570a6ec4b4bb48822a0af5101fc') in 0.006722 seconds
  Import took 0.008421 seconds .

========================================================================
Received Prepare
Registering precompiled user dll's ...
Registered in 0.000679 seconds.
Begin MonoManager ReloadAssembly
Native extension for WindowsStandalone target not found
Native extension for WebGL target not found
Refreshing native plugins compatible for Editor in 0.19 ms, found 0 plugins.
Preloading 0 native plugins for Editor in 0.00 ms.
Invoked RoslynAnalysisRunner static constructor.
RoslynAnalysisRunner will not be running.
RoslynAnalysisRunner has terminated.
Mono: successfully reloaded assembly
- Completed reload, in  0.654 seconds
Platform modules already initialized, skipping
Refreshing native plugins compatible for Editor in 0.18 ms, found 0 plugins.
Preloading 0 native plugins for Editor in 0.00 ms.
Unloading 1112 Unused Serialized files (Serialized files now loaded: 0)
System memory in use before: 146.1 MB.
System memory in use after: 146.2 MB.

Unloading 5 unused Assets to reduce memory usage. Loaded Objects now: 1759.
Total: 1.478900 ms (FindLiveObjects: 0.123700 ms CreateObjectMapping: 0.030900 ms MarkObjects: 1.279600 ms  DeleteObjects: 0.043900 ms)

========================================================================
Received Import Request.
  Time since last request: 75.803678 seconds.
  path: Assets/Animations/PlayerAnimator.controller
  artifactKey: Guid(869821df3f7010c42884a7509c947f65) Importer(815301076,1909f56bfc062723c751e8b465ee728b)
Start importing Assets/Animations/PlayerAnimator.controller using Guid(869821df3f7010c42884a7509c947f65) Importer(815301076,1909f56bfc062723c751e8b465ee728b)  -> (artifact id: '4615da690ae11aeb1ec3738d4c3af1dc') in 0.019138 seconds
  Import took 0.020983 seconds .

========================================================================
Received Prepare
Registering precompiled user dll's ...
Registered in 0.000679 seconds.
Begin MonoManager ReloadAssembly
Native extension for WindowsStandalone target not found
Native extension for WebGL target not found
Refreshing native plugins compatible for Editor in 0.18 ms, found 0 plugins.
Preloading 0 native plugins for Editor in 0.00 ms.
Invoked RoslynAnalysisRunner static constructor.
RoslynAnalysisRunner will not be running.
RoslynAnalysisRunner has terminated.
Mono: successfully reloaded assembly
- Completed reload, in  0.627 seconds
Platform modules already initialized, skipping
Refreshing native plugins compatible for Editor in 0.19 ms, found 0 plugins.
Preloading 0 native plugins for Editor in 0.00 ms.
Unloading 1112 Unused Serialized files (Serialized files now loaded: 0)
System memory in use before: 146.1 MB.
System memory in use after: 146.2 MB.

Unloading 5 unused Assets to reduce memory usage. Loaded Objects now: 1762.
Total: 3.920300 ms (FindLiveObjects: 0.322200 ms CreateObjectMapping: 0.094700 ms MarkObjects: 3.401100 ms  DeleteObjects: 0.098900 ms)

========================================================================
Received Prepare
Registering precompiled user dll's ...
Registered in 0.000624 seconds.
Begin MonoManager ReloadAssembly
Native extension for WindowsStandalone target not found
Native extension for WebGL target not found
Refreshing native plugins compatible for Editor in 0.18 ms, found 0 plugins.
Preloading 0 native plugins for Editor in 0.00 ms.
Invoked RoslynAnalysisRunner static constructor.
RoslynAnalysisRunner will not be running.
RoslynAnalysisRunner has terminated.
Mono: successfully reloaded assembly
- Completed reload, in  0.630 seconds
Platform modules already initialized, skipping
Refreshing native plugins compatible for Editor in 0.18 ms, found 0 plugins.
Preloading 0 native plugins for Editor in 0.00 ms.
Unloading 1112 Unused Serialized files (Serialized files now loaded: 0)
System memory in use before: 146.1 MB.
System memory in use after: 146.2 MB.

Unloading 5 unused Assets to reduce memory usage. Loaded Objects now: 1765.
Total: 1.666900 ms (FindLiveObjects: 0.171100 ms CreateObjectMapping: 0.071200 ms MarkObjects: 1.336100 ms  DeleteObjects: 0.087300 ms)

========================================================================
Received Prepare
Registering precompiled user dll's ...
Registered in 0.000938 seconds.
Begin MonoManager ReloadAssembly
Native extension for WindowsStandalone target not found
Native extension for WebGL target not found
Refreshing native plugins compatible for Editor in 0.19 ms, found 0 plugins.
Preloading 0 native plugins for Editor in 0.00 ms.
Invoked RoslynAnalysisRunner static constructor.
RoslynAnalysisRunner will not be running.
RoslynAnalysisRunner has terminated.
Mono: successfully reloaded assembly
- Completed reload, in  0.763 seconds
Platform modules already initialized, skipping
Refreshing native plugins compatible for Editor in 0.19 ms, found 0 plugins.
Preloading 0 native plugins for Editor in 0.00 ms.
Unloading 1112 Unused Serialized files (Serialized files now loaded: 0)
System memory in use before: 146.1 MB.
System memory in use after: 146.2 MB.

Unloading 5 unused Assets to reduce memory usage. Loaded Objects now: 1768.
Total: 1.732700 ms (FindLiveObjects: 0.153700 ms CreateObjectMapping: 0.038500 ms MarkObjects: 1.488200 ms  DeleteObjects: 0.050700 ms)

========================================================================
Received Prepare
Registering precompiled user dll's ...
Registered in 0.000626 seconds.
Begin MonoManager ReloadAssembly
Native extension for WindowsStandalone target not found
Native extension for WebGL target not found
Refreshing native plugins compatible for Editor in 0.20 ms, found 0 plugins.
Preloading 0 native plugins for Editor in 0.00 ms.
Invoked RoslynAnalysisRunner static constructor.
RoslynAnalysisRunner will not be running.
RoslynAnalysisRunner has terminated.
Mono: successfully reloaded assembly
- Completed reload, in  0.643 seconds
Platform modules already initialized, skipping
Refreshing native plugins compatible for Editor in 0.18 ms, found 0 plugins.
Preloading 0 native plugins for Editor in 0.00 ms.
Unloading 1112 Unused Serialized files (Serialized files now loaded: 0)
System memory in use before: 146.1 MB.
System memory in use after: 146.2 MB.

Unloading 5 unused Assets to reduce memory usage. Loaded Objects now: 1771.
Total: 1.803200 ms (FindLiveObjects: 0.334300 ms CreateObjectMapping: 0.093400 ms MarkObjects: 1.327100 ms  DeleteObjects: 0.047500 ms)

========================================================================
Received Prepare
Registering precompiled user dll's ...
Registered in 0.000804 seconds.
Begin MonoManager ReloadAssembly
Native extension for WindowsStandalone target not found
Native extension for WebGL target not found
Refreshing native plugins compatible for Editor in 0.22 ms, found 0 plugins.
Preloading 0 native plugins for Editor in 0.00 ms.
Invoked RoslynAnalysisRunner static constructor.
RoslynAnalysisRunner will not be running.
RoslynAnalysisRunner has terminated.
Mono: successfully reloaded assembly
- Completed reload, in  0.763 seconds
Platform modules already initialized, skipping
Refreshing native plugins compatible for Editor in 0.20 ms, found 0 plugins.
Preloading 0 native plugins for Editor in 0.00 ms.
Unloading 1112 Unused Serialized files (Serialized files now loaded: 0)
System memory in use before: 146.1 MB.
System memory in use after: 146.2 MB.

Unloading 5 unused Assets to reduce memory usage. Loaded Objects now: 1774.
Total: 1.681800 ms (FindLiveObjects: 0.184100 ms CreateObjectMapping: 0.043900 ms MarkObjects: 1.407200 ms  DeleteObjects: 0.045200 ms)

AssetImportWorkerClient::OnTransportError - code=2 error=End of file
